# JRE version: OpenJDK Runtime Environment Temurin-22.0.2+9 (22.0.2+9) (build 22.0.2+9)
# Java VM: OpenJDK 64-Bit Server VM Temurin-22.0.2+9 (22.0.2+9, mixed mode, tiered, compressed oops, compressed class ptrs, g1 gc, bsd-amd64)
Heap:
 garbage-first heap   total reserved 6291456K, committed 61440K, used 18301K [0x0000000680000000, 0x0000000800000000)
  region size 4096K, 3 young (12288K), 1 survivors (4096K)
 Metaspace       used 21249K, committed 21824K, reserved 1114112K
  class space    used 2238K, committed 2496K, reserved 1048576K
GC Heap History (8 events):
Event: 1.329 GC heap before
{Heap before GC invocations=0 (full 0):
 garbage-first heap   total reserved 6291456K, committed 393216K, used 20480K [0x0000000680000000, 0x0000000800000000)
  region size 4096K, 6 young (24576K), 0 survivors (0K)
 Metaspace       used 20531K, committed 21184K, reserved 1114112K
  class space    used 2230K, committed 2496K, reserved 1048576K
}
Event: 1.347 GC heap after
{Heap after GC invocations=1 (full 0):
 garbage-first heap   total reserved 6291456K, committed 393216K, used 6373K [0x0000000680000000, 0x0000000800000000)
  region size 4096K, 1 young (4096K), 1 survivors (4096K)
 Metaspace       used 20531K, committed 21184K, reserved 1114112K
  class space    used 2230K, committed 2496K, reserved 1048576K
}
Event: 3.443 GC heap before
{Heap before GC invocations=1 (full 0):
 garbage-first heap   total reserved 6291456K, committed 393216K, used 10469K [0x0000000680000000, 0x0000000800000000)
  region size 4096K, 3 young (12288K), 1 survivors (4096K)
 Metaspace       used 20938K, committed 21504K, reserved 1114112K
  class space    used 2238K, committed 2496K, reserved 1048576K
}
Event: 3.453 GC heap after
{Heap after GC invocations=2 (full 0):
 garbage-first heap   total reserved 6291456K, committed 393216K, used 9866K [0x0000000680000000, 0x0000000800000000)
  region size 4096K, 1 young (4096K), 1 survivors (4096K)
 Metaspace       used 20938K, committed 21504K, reserved 1114112K
  class space    used 2238K, committed 2496K, reserved 1048576K
}
Event: 101.515 GC heap before
{Heap before GC invocations=3 (full 0):
 garbage-first heap   total reserved 6291456K, committed 57344K, used 50826K [0x0000000680000000, 0x0000000800000000)
  region size 4096K, 11 young (45056K), 1 survivors (4096K)
 Metaspace       used 21249K, committed 21824K, reserved 1114112K
  class space    used 2238K, committed 2496K, reserved 1048576K
}
Event: 101.532 GC heap after
{Heap after GC invocations=4 (full 0):
 garbage-first heap   total reserved 6291456K, committed 61440K, used 9721K [0x0000000680000000, 0x0000000800000000)
  region size 4096K, 1 young (4096K), 1 survivors (4096K)
 Metaspace       used 21249K, committed 21824K, reserved 1114112K
  class space    used 2238K, committed 2496K, reserved 1048576K
}
Event: 190.882 GC heap before
{Heap before GC invocations=4 (full 0):
 garbage-first heap   total reserved 6291456K, committed 61440K, used 42489K [0x0000000680000000, 0x0000000800000000)
  region size 4096K, 9 young (36864K), 1 survivors (4096K)
 Metaspace       used 21249K, committed 21824K, reserved 1114112K
  class space    used 2238K, committed 2496K, reserved 1048576K
}
Event: 190.891 GC heap after
{Heap after GC invocations=5 (full 0):
 garbage-first heap   total reserved 6291456K, committed 61440K, used 11084K [0x0000000680000000, 0x0000000800000000)
  region size 4096K, 1 young (4096K), 1 survivors (4096K)
 Metaspace       used 21249K, committed 21824K, reserved 1114112K
  class space    used 2238K, committed 2496K, reserved 1048576K
}

